{"C:\\Users\\Amanda\\Documents\\software engineering\\New folder\\CPSC_362_Group_Activity_1\\backend\\server.js": {"path":"C:\\Users\\Amanda\\Documents\\software engineering\\New folder\\CPSC_362_Group_Activity_1\\backend\\server.js","statementMap":{"0":{"start":{"line":1,"column":16},"end":{"line":1,"column":34}},"1":{"start":{"line":2,"column":17},"end":{"line":2,"column":36}},"2":{"start":{"line":3,"column":15},"end":{"line":3,"column":32}},"3":{"start":{"line":4,"column":13},"end":{"line":4,"column":28}},"4":{"start":{"line":5,"column":13},"end":{"line":5,"column":28}},"5":{"start":{"line":6,"column":12},"end":{"line":6,"column":21}},"6":{"start":{"line":7,"column":19},"end":{"line":7,"column":41}},"7":{"start":{"line":8,"column":13},"end":{"line":8,"column":17}},"8":{"start":{"line":11,"column":0},"end":{"line":11,"column":16}},"9":{"start":{"line":14,"column":0},"end":{"line":14,"column":24}},"10":{"start":{"line":15,"column":0},"end":{"line":15,"column":48}},"11":{"start":{"line":16,"column":0},"end":{"line":16,"column":16}},"12":{"start":{"line":17,"column":0},"end":{"line":17,"column":27}},"13":{"start":{"line":19,"column":0},"end":{"line":19,"column":58}},"14":{"start":{"line":20,"column":0},"end":{"line":20,"column":69}},"15":{"start":{"line":23,"column":0},"end":{"line":23,"column":53}},"16":{"start":{"line":24,"column":0},"end":{"line":24,"column":61}},"17":{"start":{"line":25,"column":0},"end":{"line":25,"column":61}},"18":{"start":{"line":26,"column":0},"end":{"line":28,"column":3}},"19":{"start":{"line":27,"column":2},"end":{"line":27,"column":62}},"20":{"start":{"line":31,"column":0},"end":{"line":36,"column":36}},"21":{"start":{"line":33,"column":4},"end":{"line":33,"column":37}},"22":{"start":{"line":34,"column":4},"end":{"line":34,"column":74}},"23":{"start":{"line":34,"column":27},"end":{"line":34,"column":72}},"24":{"start":{"line":36,"column":16},"end":{"line":36,"column":34}},"25":{"start":{"line":38,"column":0},"end":{"line":38,"column":21}}},"fnMap":{"0":{"name":"(anonymous_0)","decl":{"start":{"line":26,"column":13},"end":{"line":26,"column":14}},"loc":{"start":{"line":26,"column":27},"end":{"line":28,"column":1}},"line":26},"1":{"name":"(anonymous_1)","decl":{"start":{"line":32,"column":8},"end":{"line":32,"column":9}},"loc":{"start":{"line":32,"column":14},"end":{"line":35,"column":3}},"line":32},"2":{"name":"(anonymous_2)","decl":{"start":{"line":34,"column":21},"end":{"line":34,"column":22}},"loc":{"start":{"line":34,"column":27},"end":{"line":34,"column":72}},"line":34},"3":{"name":"(anonymous_3)","decl":{"start":{"line":36,"column":9},"end":{"line":36,"column":10}},"loc":{"start":{"line":36,"column":16},"end":{"line":36,"column":34}},"line":36}},"branchMap":{},"s":{"0":1,"1":1,"2":1,"3":1,"4":1,"5":1,"6":1,"7":1,"8":1,"9":1,"10":1,"11":1,"12":1,"13":1,"14":1,"15":1,"16":1,"17":1,"18":1,"19":0,"20":1,"21":0,"22":0,"23":0,"24":1,"25":1},"f":{"0":0,"1":0,"2":0,"3":1},"b":{},"_coverageSchema":"1a1c01bbd47fc00a2c39e90264f33305004495a9","hash":"400447b70b303b2c3ca8be41de33dbb53b86f473"}
,"C:\\Users\\Amanda\\Documents\\software engineering\\New folder\\CPSC_362_Group_Activity_1\\backend\\controllers\\authController.js": {"path":"C:\\Users\\Amanda\\Documents\\software engineering\\New folder\\CPSC_362_Group_Activity_1\\backend\\controllers\\authController.js","statementMap":{"0":{"start":{"line":1,"column":13},"end":{"line":1,"column":38}},"1":{"start":{"line":2,"column":15},"end":{"line":2,"column":32}},"2":{"start":{"line":4,"column":0},"end":{"line":32,"column":2}},"3":{"start":{"line":5,"column":40},"end":{"line":5,"column":48}},"4":{"start":{"line":7,"column":2},"end":{"line":7,"column":46}},"5":{"start":{"line":9,"column":2},"end":{"line":31,"column":3}},"6":{"start":{"line":10,"column":17},"end":{"line":15,"column":6}},"7":{"start":{"line":17,"column":4},"end":{"line":19,"column":5}},"8":{"start":{"line":18,"column":6},"end":{"line":18,"column":66}},"9":{"start":{"line":21,"column":20},"end":{"line":21,"column":65}},"10":{"start":{"line":23,"column":4},"end":{"line":25,"column":5}},"11":{"start":{"line":24,"column":6},"end":{"line":24,"column":68}},"12":{"start":{"line":26,"column":4},"end":{"line":26,"column":35}},"13":{"start":{"line":29,"column":4},"end":{"line":29,"column":44}},"14":{"start":{"line":30,"column":4},"end":{"line":30,"column":54}},"15":{"start":{"line":34,"column":0},"end":{"line":58,"column":2}},"16":{"start":{"line":35,"column":40},"end":{"line":35,"column":48}},"17":{"start":{"line":37,"column":2},"end":{"line":57,"column":3}},"18":{"start":{"line":38,"column":25},"end":{"line":38,"column":79}},"19":{"start":{"line":39,"column":4},"end":{"line":41,"column":5}},"20":{"start":{"line":40,"column":6},"end":{"line":40,"column":71}},"21":{"start":{"line":43,"column":27},"end":{"line":43,"column":58}},"22":{"start":{"line":45,"column":20},"end":{"line":49,"column":6}},"23":{"start":{"line":51,"column":4},"end":{"line":51,"column":25}},"24":{"start":{"line":53,"column":4},"end":{"line":53,"column":71}},"25":{"start":{"line":55,"column":4},"end":{"line":55,"column":47}},"26":{"start":{"line":56,"column":4},"end":{"line":56,"column":54}}},"fnMap":{"0":{"name":"(anonymous_0)","decl":{"start":{"line":4,"column":16},"end":{"line":4,"column":17}},"loc":{"start":{"line":4,"column":36},"end":{"line":32,"column":1}},"line":4},"1":{"name":"(anonymous_1)","decl":{"start":{"line":34,"column":19},"end":{"line":34,"column":20}},"loc":{"start":{"line":34,"column":39},"end":{"line":58,"column":1}},"line":34}},"branchMap":{"0":{"loc":{"start":{"line":17,"column":4},"end":{"line":19,"column":5}},"type":"if","locations":[{"start":{"line":17,"column":4},"end":{"line":19,"column":5}},{"start":{},"end":{}}],"line":17},"1":{"loc":{"start":{"line":23,"column":4},"end":{"line":25,"column":5}},"type":"if","locations":[{"start":{"line":23,"column":4},"end":{"line":25,"column":5}},{"start":{},"end":{}}],"line":23},"2":{"loc":{"start":{"line":39,"column":4},"end":{"line":41,"column":5}},"type":"if","locations":[{"start":{"line":39,"column":4},"end":{"line":41,"column":5}},{"start":{},"end":{}}],"line":39}},"s":{"0":1,"1":1,"2":1,"3":4,"4":4,"5":4,"6":4,"7":3,"8":1,"9":2,"10":2,"11":1,"12":1,"13":1,"14":1,"15":1,"16":3,"17":3,"18":3,"19":2,"20":1,"21":1,"22":1,"23":1,"24":1,"25":1,"26":1},"f":{"0":4,"1":3},"b":{"0":[1,2],"1":[1,1],"2":[1,1]},"_coverageSchema":"1a1c01bbd47fc00a2c39e90264f33305004495a9","hash":"c34dcf797c7aca6349263f3b5a123427ec7498f8"}
,"C:\\Users\\Amanda\\Documents\\software engineering\\New folder\\CPSC_362_Group_Activity_1\\backend\\controllers\\bookingsController.js": {"path":"C:\\Users\\Amanda\\Documents\\software engineering\\New folder\\CPSC_362_Group_Activity_1\\backend\\controllers\\bookingsController.js","statementMap":{"0":{"start":{"line":1,"column":16},"end":{"line":1,"column":45}},"1":{"start":{"line":2,"column":16},"end":{"line":2,"column":44}},"2":{"start":{"line":4,"column":0},"end":{"line":26,"column":2}},"3":{"start":{"line":5,"column":69},"end":{"line":5,"column":77}},"4":{"start":{"line":7,"column":4},"end":{"line":25,"column":5}},"5":{"start":{"line":8,"column":6},"end":{"line":10,"column":7}},"6":{"start":{"line":9,"column":8},"end":{"line":9,"column":76}},"7":{"start":{"line":12,"column":25},"end":{"line":18,"column":8}},"8":{"start":{"line":20,"column":6},"end":{"line":20,"column":30}},"9":{"start":{"line":21,"column":6},"end":{"line":21,"column":62}},"10":{"start":{"line":23,"column":6},"end":{"line":23,"column":54}},"11":{"start":{"line":24,"column":6},"end":{"line":24,"column":56}},"12":{"start":{"line":28,"column":0},"end":{"line":45,"column":4}},"13":{"start":{"line":29,"column":19},"end":{"line":29,"column":29}},"14":{"start":{"line":31,"column":4},"end":{"line":44,"column":5}},"15":{"start":{"line":32,"column":22},"end":{"line":32,"column":48}},"16":{"start":{"line":34,"column":6},"end":{"line":36,"column":7}},"17":{"start":{"line":35,"column":8},"end":{"line":35,"column":70}},"18":{"start":{"line":38,"column":6},"end":{"line":38,"column":42}},"19":{"start":{"line":40,"column":6},"end":{"line":40,"column":74}},"20":{"start":{"line":42,"column":6},"end":{"line":42,"column":56}},"21":{"start":{"line":43,"column":6},"end":{"line":43,"column":90}},"22":{"start":{"line":47,"column":0},"end":{"line":66,"column":2}},"23":{"start":{"line":48,"column":4},"end":{"line":65,"column":5}},"24":{"start":{"line":49,"column":23},"end":{"line":49,"column":72}},"25":{"start":{"line":51,"column":31},"end":{"line":59,"column":7}},"26":{"start":{"line":53,"column":26},"end":{"line":53,"column":67}},"27":{"start":{"line":54,"column":10},"end":{"line":57,"column":12}},"28":{"start":{"line":61,"column":6},"end":{"line":61,"column":33}},"29":{"start":{"line":63,"column":6},"end":{"line":63,"column":58}},"30":{"start":{"line":64,"column":6},"end":{"line":64,"column":67}}},"fnMap":{"0":{"name":"(anonymous_0)","decl":{"start":{"line":4,"column":24},"end":{"line":4,"column":25}},"loc":{"start":{"line":4,"column":44},"end":{"line":26,"column":1}},"line":4},"1":{"name":"(anonymous_1)","decl":{"start":{"line":28,"column":24},"end":{"line":28,"column":25}},"loc":{"start":{"line":28,"column":44},"end":{"line":45,"column":3}},"line":28},"2":{"name":"(anonymous_2)","decl":{"start":{"line":47,"column":28},"end":{"line":47,"column":29}},"loc":{"start":{"line":47,"column":48},"end":{"line":66,"column":1}},"line":47},"3":{"name":"(anonymous_3)","decl":{"start":{"line":52,"column":21},"end":{"line":52,"column":22}},"loc":{"start":{"line":52,"column":38},"end":{"line":58,"column":9}},"line":52}},"branchMap":{"0":{"loc":{"start":{"line":8,"column":6},"end":{"line":10,"column":7}},"type":"if","locations":[{"start":{"line":8,"column":6},"end":{"line":10,"column":7}},{"start":{},"end":{}}],"line":8},"1":{"loc":{"start":{"line":8,"column":10},"end":{"line":8,"column":75}},"type":"binary-expr","locations":[{"start":{"line":8,"column":10},"end":{"line":8,"column":17}},{"start":{"line":8,"column":21},"end":{"line":8,"column":31}},{"start":{"line":8,"column":35},"end":{"line":8,"column":47}},{"start":{"line":8,"column":51},"end":{"line":8,"column":64}},{"start":{"line":8,"column":68},"end":{"line":8,"column":75}}],"line":8},"2":{"loc":{"start":{"line":34,"column":6},"end":{"line":36,"column":7}},"type":"if","locations":[{"start":{"line":34,"column":6},"end":{"line":36,"column":7}},{"start":{},"end":{}}],"line":34},"3":{"loc":{"start":{"line":56,"column":25},"end":{"line":56,"column":67}},"type":"cond-expr","locations":[{"start":{"line":56,"column":35},"end":{"line":56,"column":47}},{"start":{"line":56,"column":50},"end":{"line":56,"column":67}}],"line":56}},"s":{"0":2,"1":2,"2":2,"3":3,"4":3,"5":3,"6":1,"7":2,"8":2,"9":1,"10":1,"11":1,"12":2,"13":3,"14":3,"15":3,"16":2,"17":1,"18":1,"19":1,"20":1,"21":1,"22":2,"23":3,"24":3,"25":2,"26":2,"27":2,"28":2,"29":1,"30":1},"f":{"0":3,"1":3,"2":3,"3":2},"b":{"0":[1,2],"1":[3,3,2,2,2],"2":[1,1],"3":[1,1]},"_coverageSchema":"1a1c01bbd47fc00a2c39e90264f33305004495a9","hash":"adadaebfe4a13d2308a87203da816de061808d5b"}
,"C:\\Users\\Amanda\\Documents\\software engineering\\New folder\\CPSC_362_Group_Activity_1\\backend\\controllers\\listingsController.js": {"path":"C:\\Users\\Amanda\\Documents\\software engineering\\New folder\\CPSC_362_Group_Activity_1\\backend\\controllers\\listingsController.js","statementMap":{"0":{"start":{"line":1,"column":17},"end":{"line":1,"column":36}},"1":{"start":{"line":2,"column":16},"end":{"line":2,"column":44}},"2":{"start":{"line":4,"column":22},"end":{"line":52,"column":1}},"3":{"start":{"line":5,"column":2},"end":{"line":51,"column":3}},"4":{"start":{"line":6,"column":22},"end":{"line":8,"column":10}},"5":{"start":{"line":7,"column":30},"end":{"line":7,"column":57}},"6":{"start":{"line":24,"column":8},"end":{"line":24,"column":16}},"7":{"start":{"line":26,"column":4},"end":{"line":28,"column":5}},"8":{"start":{"line":27,"column":6},"end":{"line":27,"column":66}},"9":{"start":{"line":30,"column":23},"end":{"line":44,"column":6}},"10":{"start":{"line":46,"column":4},"end":{"line":46,"column":28}},"11":{"start":{"line":47,"column":4},"end":{"line":47,"column":37}},"12":{"start":{"line":49,"column":4},"end":{"line":49,"column":52}},"13":{"start":{"line":50,"column":4},"end":{"line":50,"column":86}},"14":{"start":{"line":54,"column":28},"end":{"line":64,"column":1}},"15":{"start":{"line":55,"column":21},"end":{"line":55,"column":31}},"16":{"start":{"line":57,"column":2},"end":{"line":63,"column":3}},"17":{"start":{"line":58,"column":21},"end":{"line":58,"column":60}},"18":{"start":{"line":59,"column":4},"end":{"line":59,"column":23}},"19":{"start":{"line":61,"column":4},"end":{"line":61,"column":56}},"20":{"start":{"line":62,"column":4},"end":{"line":62,"column":82}},"21":{"start":{"line":66,"column":23},"end":{"line":83,"column":1}},"22":{"start":{"line":67,"column":2},"end":{"line":82,"column":3}},"23":{"start":{"line":68,"column":43},"end":{"line":68,"column":52}},"24":{"start":{"line":69,"column":22},"end":{"line":69,"column":55}},"25":{"start":{"line":71,"column":19},"end":{"line":71,"column":21}},"26":{"start":{"line":73,"column":4},"end":{"line":75,"column":5}},"27":{"start":{"line":74,"column":6},"end":{"line":74,"column":59}},"28":{"start":{"line":77,"column":21},"end":{"line":77,"column":74}},"29":{"start":{"line":79,"column":4},"end":{"line":79,"column":35}},"30":{"start":{"line":81,"column":4},"end":{"line":81,"column":72}},"31":{"start":{"line":85,"column":23},"end":{"line":105,"column":1}},"32":{"start":{"line":86,"column":2},"end":{"line":104,"column":3}},"33":{"start":{"line":87,"column":22},"end":{"line":87,"column":35}},"34":{"start":{"line":89,"column":4},"end":{"line":91,"column":5}},"35":{"start":{"line":90,"column":6},"end":{"line":90,"column":69}},"36":{"start":{"line":93,"column":20},"end":{"line":93,"column":53}},"37":{"start":{"line":94,"column":4},"end":{"line":96,"column":5}},"38":{"start":{"line":95,"column":6},"end":{"line":95,"column":68}},"39":{"start":{"line":98,"column":20},"end":{"line":98,"column":43}},"40":{"start":{"line":99,"column":26},"end":{"line":99,"column":74}},"41":{"start":{"line":99,"column":55},"end":{"line":99,"column":73}},"42":{"start":{"line":101,"column":4},"end":{"line":101,"column":22}},"43":{"start":{"line":103,"column":4},"end":{"line":103,"column":54}},"44":{"start":{"line":108,"column":22},"end":{"line":116,"column":1}},"45":{"start":{"line":109,"column":2},"end":{"line":115,"column":3}},"46":{"start":{"line":110,"column":20},"end":{"line":110,"column":66}},"47":{"start":{"line":111,"column":4},"end":{"line":111,"column":67}},"48":{"start":{"line":111,"column":18},"end":{"line":111,"column":67}},"49":{"start":{"line":112,"column":4},"end":{"line":112,"column":32}},"50":{"start":{"line":114,"column":4},"end":{"line":114,"column":38}},"51":{"start":{"line":118,"column":22},"end":{"line":138,"column":1}},"52":{"start":{"line":119,"column":17},"end":{"line":119,"column":27}},"53":{"start":{"line":120,"column":35},"end":{"line":120,"column":43}},"54":{"start":{"line":122,"column":2},"end":{"line":137,"column":3}},"55":{"start":{"line":123,"column":27},"end":{"line":127,"column":5}},"56":{"start":{"line":129,"column":4},"end":{"line":131,"column":5}},"57":{"start":{"line":130,"column":6},"end":{"line":130,"column":68}},"58":{"start":{"line":133,"column":4},"end":{"line":133,"column":29}},"59":{"start":{"line":135,"column":4},"end":{"line":135,"column":25}},"60":{"start":{"line":136,"column":4},"end":{"line":136,"column":54}},"61":{"start":{"line":140,"column":0},"end":{"line":147,"column":2}}},"fnMap":{"0":{"name":"(anonymous_0)","decl":{"start":{"line":4,"column":22},"end":{"line":4,"column":23}},"loc":{"start":{"line":4,"column":42},"end":{"line":52,"column":1}},"line":4},"1":{"name":"(anonymous_1)","decl":{"start":{"line":7,"column":22},"end":{"line":7,"column":23}},"loc":{"start":{"line":7,"column":30},"end":{"line":7,"column":57}},"line":7},"2":{"name":"(anonymous_2)","decl":{"start":{"line":54,"column":28},"end":{"line":54,"column":29}},"loc":{"start":{"line":54,"column":48},"end":{"line":64,"column":1}},"line":54},"3":{"name":"(anonymous_3)","decl":{"start":{"line":66,"column":23},"end":{"line":66,"column":24}},"loc":{"start":{"line":66,"column":43},"end":{"line":83,"column":1}},"line":66},"4":{"name":"(anonymous_4)","decl":{"start":{"line":85,"column":23},"end":{"line":85,"column":24}},"loc":{"start":{"line":85,"column":43},"end":{"line":105,"column":1}},"line":85},"5":{"name":"(anonymous_5)","decl":{"start":{"line":99,"column":48},"end":{"line":99,"column":49}},"loc":{"start":{"line":99,"column":55},"end":{"line":99,"column":73}},"line":99},"6":{"name":"(anonymous_6)","decl":{"start":{"line":108,"column":22},"end":{"line":108,"column":23}},"loc":{"start":{"line":108,"column":42},"end":{"line":116,"column":1}},"line":108},"7":{"name":"(anonymous_7)","decl":{"start":{"line":118,"column":22},"end":{"line":118,"column":23}},"loc":{"start":{"line":118,"column":42},"end":{"line":138,"column":1}},"line":118}},"branchMap":{"0":{"loc":{"start":{"line":6,"column":22},"end":{"line":8,"column":10}},"type":"cond-expr","locations":[{"start":{"line":7,"column":8},"end":{"line":7,"column":58}},{"start":{"line":8,"column":8},"end":{"line":8,"column":10}}],"line":6},"1":{"loc":{"start":{"line":26,"column":4},"end":{"line":28,"column":5}},"type":"if","locations":[{"start":{"line":26,"column":4},"end":{"line":28,"column":5}},{"start":{},"end":{}}],"line":26},"2":{"loc":{"start":{"line":69,"column":22},"end":{"line":69,"column":55}},"type":"cond-expr","locations":[{"start":{"line":69,"column":49},"end":{"line":69,"column":51}},{"start":{"line":69,"column":54},"end":{"line":69,"column":55}}],"line":69},"3":{"loc":{"start":{"line":73,"column":4},"end":{"line":75,"column":5}},"type":"if","locations":[{"start":{"line":73,"column":4},"end":{"line":75,"column":5}},{"start":{},"end":{}}],"line":73},"4":{"loc":{"start":{"line":89,"column":4},"end":{"line":91,"column":5}},"type":"if","locations":[{"start":{"line":89,"column":4},"end":{"line":91,"column":5}},{"start":{},"end":{}}],"line":89},"5":{"loc":{"start":{"line":94,"column":4},"end":{"line":96,"column":5}},"type":"if","locations":[{"start":{"line":94,"column":4},"end":{"line":96,"column":5}},{"start":{},"end":{}}],"line":94},"6":{"loc":{"start":{"line":111,"column":4},"end":{"line":111,"column":67}},"type":"if","locations":[{"start":{"line":111,"column":4},"end":{"line":111,"column":67}},{"start":{},"end":{}}],"line":111},"7":{"loc":{"start":{"line":129,"column":4},"end":{"line":131,"column":5}},"type":"if","locations":[{"start":{"line":129,"column":4},"end":{"line":131,"column":5}},{"start":{},"end":{}}],"line":129}},"s":{"0":2,"1":2,"2":2,"3":2,"4":2,"5":0,"6":2,"7":2,"8":1,"9":1,"10":1,"11":1,"12":0,"13":0,"14":2,"15":1,"16":1,"17":1,"18":1,"19":0,"20":0,"21":2,"22":1,"23":1,"24":1,"25":1,"26":1,"27":0,"28":1,"29":1,"30":0,"31":2,"32":2,"33":2,"34":2,"35":0,"36":2,"37":2,"38":1,"39":1,"40":1,"41":1,"42":1,"43":0,"44":2,"45":2,"46":2,"47":2,"48":1,"49":1,"50":0,"51":2,"52":2,"53":2,"54":2,"55":2,"56":2,"57":1,"58":1,"59":0,"60":0,"61":2},"f":{"0":2,"1":0,"2":1,"3":1,"4":2,"5":1,"6":2,"7":2},"b":{"0":[0,2],"1":[1,1],"2":[0,1],"3":[0,1],"4":[0,2],"5":[1,1],"6":[1,1],"7":[1,1]},"_coverageSchema":"1a1c01bbd47fc00a2c39e90264f33305004495a9","hash":"06590f4826fc6bd55983d669b5c2c8050e174a24"}
,"C:\\Users\\Amanda\\Documents\\software engineering\\New folder\\CPSC_362_Group_Activity_1\\backend\\middleware\\upload.js": {"path":"C:\\Users\\Amanda\\Documents\\software engineering\\New folder\\CPSC_362_Group_Activity_1\\backend\\middleware\\upload.js","statementMap":{"0":{"start":{"line":1,"column":15},"end":{"line":1,"column":32}},"1":{"start":{"line":2,"column":13},"end":{"line":2,"column":28}},"2":{"start":{"line":4,"column":16},"end":{"line":12,"column":2}},"3":{"start":{"line":6,"column":4},"end":{"line":6,"column":25}},"4":{"start":{"line":9,"column":25},"end":{"line":9,"column":75}},"5":{"start":{"line":10,"column":4},"end":{"line":10,"column":61}},"6":{"start":{"line":14,"column":15},"end":{"line":17,"column":4}},"7":{"start":{"line":19,"column":0},"end":{"line":19,"column":24}}},"fnMap":{"0":{"name":"(anonymous_0)","decl":{"start":{"line":5,"column":15},"end":{"line":5,"column":16}},"loc":{"start":{"line":5,"column":40},"end":{"line":7,"column":3}},"line":5},"1":{"name":"(anonymous_1)","decl":{"start":{"line":8,"column":12},"end":{"line":8,"column":13}},"loc":{"start":{"line":8,"column":37},"end":{"line":11,"column":3}},"line":8}},"branchMap":{},"s":{"0":1,"1":1,"2":1,"3":0,"4":0,"5":0,"6":1,"7":1},"f":{"0":0,"1":0},"b":{},"_coverageSchema":"1a1c01bbd47fc00a2c39e90264f33305004495a9","hash":"3c80767cc86e174bf089dded7dcddf6a78e41cf2"}
,"C:\\Users\\Amanda\\Documents\\software engineering\\New folder\\CPSC_362_Group_Activity_1\\backend\\models\\Bookings.js": {"path":"C:\\Users\\Amanda\\Documents\\software engineering\\New folder\\CPSC_362_Group_Activity_1\\backend\\models\\Bookings.js","statementMap":{"0":{"start":{"line":1,"column":17},"end":{"line":1,"column":36}},"1":{"start":{"line":3,"column":22},"end":{"line":9,"column":4}},"2":{"start":{"line":11,"column":0},"end":{"line":11,"column":59}}},"fnMap":{},"branchMap":{},"s":{"0":2,"1":2,"2":2},"f":{},"b":{},"_coverageSchema":"1a1c01bbd47fc00a2c39e90264f33305004495a9","hash":"cd03f1c269669422670f8f6e605864dd8a88faad"}
,"C:\\Users\\Amanda\\Documents\\software engineering\\New folder\\CPSC_362_Group_Activity_1\\backend\\models\\Listing.js": {"path":"C:\\Users\\Amanda\\Documents\\software engineering\\New folder\\CPSC_362_Group_Activity_1\\backend\\models\\Listing.js","statementMap":{"0":{"start":{"line":1,"column":17},"end":{"line":1,"column":36}},"1":{"start":{"line":3,"column":22},"end":{"line":59,"column":24}},"2":{"start":{"line":61,"column":16},"end":{"line":61,"column":56}},"3":{"start":{"line":63,"column":0},"end":{"line":63,"column":25}}},"fnMap":{},"branchMap":{},"s":{"0":3,"1":3,"2":3,"3":3},"f":{},"b":{},"_coverageSchema":"1a1c01bbd47fc00a2c39e90264f33305004495a9","hash":"317656c4bf518612eb199800d84dab839b4b4192"}
,"C:\\Users\\Amanda\\Documents\\software engineering\\New folder\\CPSC_362_Group_Activity_1\\backend\\models\\User.js": {"path":"C:\\Users\\Amanda\\Documents\\software engineering\\New folder\\CPSC_362_Group_Activity_1\\backend\\models\\User.js","statementMap":{"0":{"start":{"line":1,"column":17},"end":{"line":1,"column":36}},"1":{"start":{"line":3,"column":19},"end":{"line":22,"column":2}},"2":{"start":{"line":24,"column":0},"end":{"line":24,"column":52}}},"fnMap":{},"branchMap":{},"s":{"0":1,"1":1,"2":1},"f":{},"b":{},"_coverageSchema":"1a1c01bbd47fc00a2c39e90264f33305004495a9","hash":"b9b37ca54ae16816bf209c3d96aa37ba39fde7ce"}
,"C:\\Users\\Amanda\\Documents\\software engineering\\New folder\\CPSC_362_Group_Activity_1\\backend\\routes\\authRoutes.js": {"path":"C:\\Users\\Amanda\\Documents\\software engineering\\New folder\\CPSC_362_Group_Activity_1\\backend\\routes\\authRoutes.js","statementMap":{"0":{"start":{"line":1,"column":16},"end":{"line":1,"column":34}},"1":{"start":{"line":2,"column":15},"end":{"line":2,"column":31}},"2":{"start":{"line":3,"column":23},"end":{"line":3,"column":63}},"3":{"start":{"line":5,"column":0},"end":{"line":5,"column":44}},"4":{"start":{"line":6,"column":0},"end":{"line":6,"column":50}},"5":{"start":{"line":8,"column":0},"end":{"line":8,"column":24}}},"fnMap":{},"branchMap":{},"s":{"0":1,"1":1,"2":1,"3":1,"4":1,"5":1},"f":{},"b":{},"_coverageSchema":"1a1c01bbd47fc00a2c39e90264f33305004495a9","hash":"2df1a26d0803beccfe6093528819478159217c2b"}
,"C:\\Users\\Amanda\\Documents\\software engineering\\New folder\\CPSC_362_Group_Activity_1\\backend\\routes\\bookingsRoutes.js": {"path":"C:\\Users\\Amanda\\Documents\\software engineering\\New folder\\CPSC_362_Group_Activity_1\\backend\\routes\\bookingsRoutes.js","statementMap":{"0":{"start":{"line":1,"column":16},"end":{"line":1,"column":34}},"1":{"start":{"line":2,"column":15},"end":{"line":2,"column":31}},"2":{"start":{"line":3,"column":60},"end":{"line":3,"column":104}},"3":{"start":{"line":4,"column":16},"end":{"line":4,"column":45}},"4":{"start":{"line":5,"column":16},"end":{"line":5,"column":44}},"5":{"start":{"line":7,"column":0},"end":{"line":7,"column":32}},"6":{"start":{"line":8,"column":0},"end":{"line":8,"column":37}},"7":{"start":{"line":9,"column":0},"end":{"line":9,"column":47}},"8":{"start":{"line":11,"column":0},"end":{"line":11,"column":24}}},"fnMap":{},"branchMap":{},"s":{"0":1,"1":1,"2":1,"3":1,"4":1,"5":1,"6":1,"7":1,"8":1},"f":{},"b":{},"_coverageSchema":"1a1c01bbd47fc00a2c39e90264f33305004495a9","hash":"72d0004bbdf2916e73e169abad7c05409561288d"}
,"C:\\Users\\Amanda\\Documents\\software engineering\\New folder\\CPSC_362_Group_Activity_1\\backend\\routes\\listingsRoutes.js": {"path":"C:\\Users\\Amanda\\Documents\\software engineering\\New folder\\CPSC_362_Group_Activity_1\\backend\\routes\\listingsRoutes.js","statementMap":{"0":{"start":{"line":1,"column":16},"end":{"line":1,"column":34}},"1":{"start":{"line":2,"column":15},"end":{"line":2,"column":31}},"2":{"start":{"line":3,"column":15},"end":{"line":3,"column":46}},"3":{"start":{"line":5,"column":109},"end":{"line":5,"column":153}},"4":{"start":{"line":7,"column":0},"end":{"line":7,"column":59}},"5":{"start":{"line":8,"column":0},"end":{"line":8,"column":32}},"6":{"start":{"line":9,"column":0},"end":{"line":9,"column":35}},"7":{"start":{"line":10,"column":0},"end":{"line":10,"column":37}},"8":{"start":{"line":11,"column":0},"end":{"line":11,"column":34}},"9":{"start":{"line":12,"column":0},"end":{"line":12,"column":49}},"10":{"start":{"line":14,"column":0},"end":{"line":14,"column":24}}},"fnMap":{},"branchMap":{},"s":{"0":1,"1":1,"2":1,"3":1,"4":1,"5":1,"6":1,"7":1,"8":1,"9":1,"10":1},"f":{},"b":{},"_coverageSchema":"1a1c01bbd47fc00a2c39e90264f33305004495a9","hash":"fbd484e08aac155bbf9b864221ac26192f67562c"}
}
