TN:
SF:backend\server.js
FN:26,(anonymous_0)
FN:32,(anonymous_1)
FN:34,(anonymous_2)
FN:36,(anonymous_3)
FNF:4
FNH:1
FNDA:0,(anonymous_0)
FNDA:0,(anonymous_1)
FNDA:0,(anonymous_2)
FNDA:1,(anonymous_3)
DA:1,1
DA:2,1
DA:3,1
DA:4,1
DA:5,1
DA:6,1
DA:7,1
DA:8,1
DA:11,1
DA:14,1
DA:15,1
DA:16,1
DA:17,1
DA:19,1
DA:20,1
DA:23,1
DA:24,1
DA:25,1
DA:26,1
DA:27,0
DA:31,1
DA:33,0
DA:34,0
DA:36,1
DA:38,1
LF:25
LH:22
BRF:0
BRH:0
end_of_record
TN:
SF:backend\controllers\authController.js
FN:4,(anonymous_0)
FN:34,(anonymous_1)
FNF:2
FNH:2
FNDA:4,(anonymous_0)
FNDA:3,(anonymous_1)
DA:1,1
DA:2,1
DA:4,1
DA:5,4
DA:7,4
DA:9,4
DA:10,4
DA:17,3
DA:18,1
DA:21,2
DA:23,2
DA:24,1
DA:26,1
DA:29,1
DA:30,1
DA:34,1
DA:35,3
DA:37,3
DA:38,3
DA:39,2
DA:40,1
DA:43,1
DA:45,1
DA:51,1
DA:53,1
DA:55,1
DA:56,1
LF:27
LH:27
BRDA:17,0,0,1
BRDA:17,0,1,2
BRDA:23,1,0,1
BRDA:23,1,1,1
BRDA:39,2,0,1
BRDA:39,2,1,1
BRF:6
BRH:6
end_of_record
TN:
SF:backend\controllers\bookingsController.js
FN:4,(anonymous_0)
FN:28,(anonymous_1)
FN:47,(anonymous_2)
FN:52,(anonymous_3)
FNF:4
FNH:4
FNDA:3,(anonymous_0)
FNDA:3,(anonymous_1)
FNDA:3,(anonymous_2)
FNDA:2,(anonymous_3)
DA:1,2
DA:2,2
DA:4,2
DA:5,3
DA:7,3
DA:8,3
DA:9,1
DA:12,2
DA:20,2
DA:21,1
DA:23,1
DA:24,1
DA:28,2
DA:29,3
DA:31,3
DA:32,3
DA:34,2
DA:35,1
DA:38,1
DA:40,1
DA:42,1
DA:43,1
DA:47,2
DA:48,3
DA:49,3
DA:51,2
DA:53,2
DA:54,2
DA:61,2
DA:63,1
DA:64,1
LF:31
LH:31
BRDA:8,0,0,1
BRDA:8,0,1,2
BRDA:8,1,0,3
BRDA:8,1,1,3
BRDA:8,1,2,2
BRDA:8,1,3,2
BRDA:8,1,4,2
BRDA:34,2,0,1
BRDA:34,2,1,1
BRDA:56,3,0,1
BRDA:56,3,1,1
BRF:11
BRH:11
end_of_record
TN:
SF:backend\controllers\listingsController.js
FN:4,(anonymous_0)
FN:7,(anonymous_1)
FN:54,(anonymous_2)
FN:66,(anonymous_3)
FN:85,(anonymous_4)
FN:99,(anonymous_5)
FN:108,(anonymous_6)
FN:118,(anonymous_7)
FNF:8
FNH:7
FNDA:2,(anonymous_0)
FNDA:0,(anonymous_1)
FNDA:1,(anonymous_2)
FNDA:1,(anonymous_3)
FNDA:2,(anonymous_4)
FNDA:1,(anonymous_5)
FNDA:2,(anonymous_6)
FNDA:2,(anonymous_7)
DA:1,2
DA:2,2
DA:4,2
DA:5,2
DA:6,2
DA:7,0
DA:24,2
DA:26,2
DA:27,1
DA:30,1
DA:46,1
DA:47,1
DA:49,0
DA:50,0
DA:54,2
DA:55,1
DA:57,1
DA:58,1
DA:59,1
DA:61,0
DA:62,0
DA:66,2
DA:67,1
DA:68,1
DA:69,1
DA:71,1
DA:73,1
DA:74,0
DA:77,1
DA:79,1
DA:81,0
DA:85,2
DA:86,2
DA:87,2
DA:89,2
DA:90,0
DA:93,2
DA:94,2
DA:95,1
DA:98,1
DA:99,1
DA:101,1
DA:103,0
DA:108,2
DA:109,2
DA:110,2
DA:111,2
DA:112,1
DA:114,0
DA:118,2
DA:119,2
DA:120,2
DA:122,2
DA:123,2
DA:129,2
DA:130,1
DA:133,1
DA:135,0
DA:136,0
DA:140,2
LF:60
LH:48
BRDA:6,0,0,0
BRDA:6,0,1,2
BRDA:26,1,0,1
BRDA:26,1,1,1
BRDA:69,2,0,0
BRDA:69,2,1,1
BRDA:73,3,0,0
BRDA:73,3,1,1
BRDA:89,4,0,0
BRDA:89,4,1,2
BRDA:94,5,0,1
BRDA:94,5,1,1
BRDA:111,6,0,1
BRDA:111,6,1,1
BRDA:129,7,0,1
BRDA:129,7,1,1
BRF:16
BRH:12
end_of_record
TN:
SF:backend\middleware\upload.js
FN:5,(anonymous_0)
FN:8,(anonymous_1)
FNF:2
FNH:0
FNDA:0,(anonymous_0)
FNDA:0,(anonymous_1)
DA:1,1
DA:2,1
DA:4,1
DA:6,0
DA:9,0
DA:10,0
DA:14,1
DA:19,1
LF:8
LH:5
BRF:0
BRH:0
end_of_record
TN:
SF:backend\models\Bookings.js
FNF:0
FNH:0
DA:1,2
DA:3,2
DA:11,2
LF:3
LH:3
BRF:0
BRH:0
end_of_record
TN:
SF:backend\models\Listing.js
FNF:0
FNH:0
DA:1,3
DA:3,3
DA:61,3
DA:63,3
LF:4
LH:4
BRF:0
BRH:0
end_of_record
TN:
SF:backend\models\User.js
FNF:0
FNH:0
DA:1,1
DA:3,1
DA:24,1
LF:3
LH:3
BRF:0
BRH:0
end_of_record
TN:
SF:backend\routes\authRoutes.js
FNF:0
FNH:0
DA:1,1
DA:2,1
DA:3,1
DA:5,1
DA:6,1
DA:8,1
LF:6
LH:6
BRF:0
BRH:0
end_of_record
TN:
SF:backend\routes\bookingsRoutes.js
FNF:0
FNH:0
DA:1,1
DA:2,1
DA:3,1
DA:4,1
DA:5,1
DA:7,1
DA:8,1
DA:9,1
DA:11,1
LF:9
LH:9
BRF:0
BRH:0
end_of_record
TN:
SF:backend\routes\listingsRoutes.js
FNF:0
FNH:0
DA:1,1
DA:2,1
DA:3,1
DA:5,1
DA:7,1
DA:8,1
DA:9,1
DA:10,1
DA:11,1
DA:12,1
DA:14,1
LF:11
LH:11
BRF:0
BRH:0
end_of_record
